app/build/intermediates/manifest_merge_blame_file/debug/manifest-merger-blame-debug-report.txt
1<?xml version="1.0" encoding="utf-8"?>
2<manifest xmlns:android="http://schemas.android.com/apk/res/android"
3    package="com.daniel_huang.onlinetube"
4    android:versionCode="1"
5    android:versionName="1.0" >
6
7    <uses-sdk
8        android:minSdkVersion="27"
8-->src/main/AndroidManifest.xml
9        android:targetSdkVersion="29" />
9-->src/main/AndroidManifest.xml
10
11    <uses-permission android:name="android.permission.INTERNET" />
11-->src/main/AndroidManifest.xml:5:5-67
11-->src/main/AndroidManifest.xml:5:22-64
12    <uses-permission android:name="android.permission.WRITE_EXTERNAL_STORAGE" />
12-->src/main/AndroidManifest.xml:6:5-81
12-->src/main/AndroidManifest.xml:6:22-78
13    <uses-permission android:name="android.permission.ACCESS_NETWORK_STATE" />
13-->[com.shuyu:gsyVideoPlayer-java:7.1.4] AndroidManifest.xml:11:5-79
13-->[com.shuyu:gsyVideoPlayer-java:7.1.4] AndroidManifest.xml:11:22-76
14
15    <application
15-->src/main/AndroidManifest.xml:8:5-28:19
16        android:allowBackup="true"
16-->src/main/AndroidManifest.xml:9:9-35
17        android:appComponentFactory="androidx.core.app.CoreComponentFactory"
17-->[androidx.core:core:1.2.0] AndroidManifest.xml:24:18-86
18        android:debuggable="true"
19        android:extractNativeLibs="false"
20        android:icon="@mipmap/ic_launcher"
20-->src/main/AndroidManifest.xml:10:9-43
21        android:label="@string/app_name"
21-->src/main/AndroidManifest.xml:11:9-41
22        android:roundIcon="@mipmap/ic_launcher_round"
22-->src/main/AndroidManifest.xml:12:9-54
23        android:supportsRtl="true"
23-->src/main/AndroidManifest.xml:13:9-35
24        android:testOnly="true"
25        android:theme="@style/AppTheme"
25-->src/main/AndroidManifest.xml:14:9-40
26        android:usesCleartextTraffic="true" >
26-->src/main/AndroidManifest.xml:15:9-44
27        <activity android:name="com.daniel_huang.onlinetube.DownloadActivity" />
27-->src/main/AndroidManifest.xml:17:9-54
27-->src/main/AndroidManifest.xml:17:19-51
28        <activity
28-->src/main/AndroidManifest.xml:18:9-27:20
29            android:name="com.daniel_huang.onlinetube.MainActivity"
29-->src/main/AndroidManifest.xml:19:13-41
30            android:configChanges="keyboard|keyboardHidden|orientation|screenSize|screenLayout|smallestScreenSize|uiMode"
30-->src/main/AndroidManifest.xml:20:13-122
31            android:screenOrientation="sensor" >
31-->src/main/AndroidManifest.xml:21:13-47
32            <intent-filter>
32-->src/main/AndroidManifest.xml:22:13-26:29
33                <action android:name="android.intent.action.MAIN" />
33-->src/main/AndroidManifest.xml:23:17-69
33-->src/main/AndroidManifest.xml:23:25-66
34
35                <category android:name="android.intent.category.LAUNCHER" />
35-->src/main/AndroidManifest.xml:25:17-77
35-->src/main/AndroidManifest.xml:25:27-74
36            </intent-filter>
37        </activity>
38
39        <service
39-->[com.google.firebase:firebase-storage:19.1.1] AndroidManifest.xml:30:9-36:19
40            android:name="com.google.firebase.components.ComponentDiscoveryService"
40-->[com.google.firebase:firebase-storage:19.1.1] AndroidManifest.xml:31:13-84
41            android:directBootAware="true"
41-->[com.google.firebase:firebase-common:19.3.0] AndroidManifest.xml:34:13-43
42            android:exported="false" >
42-->[com.google.firebase:firebase-storage:19.1.1] AndroidManifest.xml:32:13-37
43            <meta-data
43-->[com.google.firebase:firebase-storage:19.1.1] AndroidManifest.xml:33:13-35:85
44                android:name="com.google.firebase.components:com.google.firebase.storage.StorageRegistrar"
44-->[com.google.firebase:firebase-storage:19.1.1] AndroidManifest.xml:34:17-107
45                android:value="com.google.firebase.components.ComponentRegistrar" />
45-->[com.google.firebase:firebase-storage:19.1.1] AndroidManifest.xml:35:17-82
46        </service>
47
48        <activity
48-->[com.google.android.gms:play-services-base:17.0.0] AndroidManifest.xml:23:9-26:75
49            android:name="com.google.android.gms.common.api.GoogleApiActivity"
49-->[com.google.android.gms:play-services-base:17.0.0] AndroidManifest.xml:24:13-79
50            android:exported="false"
50-->[com.google.android.gms:play-services-base:17.0.0] AndroidManifest.xml:25:13-37
51            android:theme="@android:style/Theme.Translucent.NoTitleBar" />
51-->[com.google.android.gms:play-services-base:17.0.0] AndroidManifest.xml:26:13-72
52
53        <provider
53-->[com.google.firebase:firebase-common:19.3.0] AndroidManifest.xml:26:9-30:39
54            android:name="com.google.firebase.provider.FirebaseInitProvider"
54-->[com.google.firebase:firebase-common:19.3.0] AndroidManifest.xml:27:13-77
55            android:authorities="com.daniel_huang.onlinetube.firebaseinitprovider"
55-->[com.google.firebase:firebase-common:19.3.0] AndroidManifest.xml:28:13-72
56            android:exported="false"
56-->[com.google.firebase:firebase-common:19.3.0] AndroidManifest.xml:29:13-37
57            android:initOrder="100" />
57-->[com.google.firebase:firebase-common:19.3.0] AndroidManifest.xml:30:13-36
58
59        <meta-data
59-->[com.google.android.gms:play-services-basement:17.0.0] AndroidManifest.xml:23:9-25:69
60            android:name="com.google.android.gms.version"
60-->[com.google.android.gms:play-services-basement:17.0.0] AndroidManifest.xml:24:13-58
61            android:value="@integer/google_play_services_version" />
61-->[com.google.android.gms:play-services-basement:17.0.0] AndroidManifest.xml:25:13-66
62    </application>
63
64</manifest>